# JRE version: Java(TM) SE Runtime Environment (8.0_151-b12) (build 1.8.0_151-b12)
# Java VM: Java HotSpot(TM) 64-Bit Server VM (25.151-b12 mixed mode windows-amd64 compressed oops)
Heap:
 PSYoungGen      total 309760K, used 235614K [0x00000000d5f00000, 0x00000000f4580000, 0x0000000100000000)
  eden space 146432K, 49% used [0x00000000d5f00000,0x00000000da599420,0x00000000dee00000)
  from space 163328K, 99% used [0x00000000ea600000,0x00000000f457e560,0x00000000f4580000)
  to   space 161792K, 0% used [0x00000000dee00000,0x00000000dee00000,0x00000000e8c00000)
 ParOldGen       total 308736K, used 193736K [0x0000000081c00000, 0x0000000094980000, 0x00000000d5f00000)
  object space 308736K, 62% used [0x0000000081c00000,0x000000008d932218,0x0000000094980000)
 Metaspace       used 19564K, capacity 19940K, committed 20352K, reserved 1067008K
  class space    used 2441K, capacity 2566K, committed 2688K, reserved 1048576K
GC Heap History (10 events):
Event: 19.648 GC heap before
{Heap before GC invocations=19 (full 3):
 PSYoungGen      total 228352K, used 216889K [0x00000000d5f00000, 0x00000000ee780000, 0x0000000100000000)
  eden space 106496K, 100% used [0x00000000d5f00000,0x00000000dc700000,0x00000000dc700000)
  from space 121856K, 90% used [0x00000000dc700000,0x00000000e32ce520,0x00000000e3e00000)
  to   space 135168K, 0% used [0x00000000e6380000,0x00000000e6380000,0x00000000ee780000)
 ParOldGen       total 308736K, used 159616K [0x0000000081c00000, 0x0000000094980000, 0x00000000d5f00000)
  object space 308736K, 51% used [0x0000000081c00000,0x000000008b7e0218,0x0000000094980000)
 Metaspace       used 19563K, capacity 19940K, committed 20352K, reserved 1067008K
  class space    used 2441K, capacity 2566K, committed 2688K, reserved 1048576K
Event: 19.735 GC heap after
Heap after GC invocations=19 (full 3):
 PSYoungGen      total 257536K, used 68342K [0x00000000d5f00000, 0x00000000ede80000, 0x0000000100000000)
  eden space 131584K, 0% used [0x00000000d5f00000,0x00000000d5f00000,0x00000000ddf80000)
  from space 125952K, 54% used [0x00000000e6380000,0x00000000ea63dbb8,0x00000000ede80000)
  to   space 130560K, 0% used [0x00000000ddf80000,0x00000000ddf80000,0x00000000e5f00000)
 ParOldGen       total 308736K, used 159616K [0x0000000081c00000, 0x0000000094980000, 0x00000000d5f00000)
  object space 308736K, 51% used [0x0000000081c00000,0x000000008b7e0218,0x0000000094980000)
 Metaspace       used 19563K, capacity 19940K, committed 20352K, reserved 1067008K
  class space    used 2441K, capacity 2566K, committed 2688K, reserved 1048576K
}
Event: 19.883 GC heap before
{Heap before GC invocations=20 (full 3):
 PSYoungGen      total 257536K, used 199926K [0x00000000d5f00000, 0x00000000ede80000, 0x0000000100000000)
  eden space 131584K, 100% used [0x00000000d5f00000,0x00000000ddf80000,0x00000000ddf80000)
  from space 125952K, 54% used [0x00000000e6380000,0x00000000ea63dbb8,0x00000000ede80000)
  to   space 130560K, 0% used [0x00000000ddf80000,0x00000000ddf80000,0x00000000e5f00000)
 ParOldGen       total 308736K, used 159616K [0x0000000081c00000, 0x0000000094980000, 0x00000000d5f00000)
  object space 308736K, 51% used [0x0000000081c00000,0x000000008b7e0218,0x0000000094980000)
 Metaspace       used 19563K, capacity 19940K, committed 20352K, reserved 1067008K
  class space    used 2441K, capacity 2566K, committed 2688K, reserved 1048576K
Event: 19.998 GC heap after
Heap after GC invocations=20 (full 3):
 PSYoungGen      total 262144K, used 130553K [0x00000000d5f00000, 0x00000000f2200000, 0x0000000100000000)
  eden space 131584K, 0% used [0x00000000d5f00000,0x00000000d5f00000,0x00000000ddf80000)
  from space 130560K, 99% used [0x00000000ddf80000,0x00000000e5efe530,0x00000000e5f00000)
  to   space 153600K, 0% used [0x00000000e8c00000,0x00000000e8c00000,0x00000000f2200000)
 ParOldGen       total 308736K, used 172296K [0x0000000081c00000, 0x0000000094980000, 0x00000000d5f00000)
  object space 308736K, 55% used [0x0000000081c00000,0x000000008c442218,0x0000000094980000)
 Metaspace       used 19563K, capacity 19940K, committed 20352K, reserved 1067008K
  class space    used 2441K, capacity 2566K, committed 2688K, reserved 1048576K
}
Event: 20.321 GC heap before
{Heap before GC invocations=21 (full 3):
 PSYoungGen      total 262144K, used 262137K [0x00000000d5f00000, 0x00000000f2200000, 0x0000000100000000)
  eden space 131584K, 100% used [0x00000000d5f00000,0x00000000ddf80000,0x00000000ddf80000)
  from space 130560K, 99% used [0x00000000ddf80000,0x00000000e5efe530,0x00000000e5f00000)
  to   space 153600K, 0% used [0x00000000e8c00000,0x00000000e8c00000,0x00000000f2200000)
 ParOldGen       total 308736K, used 172296K [0x0000000081c00000, 0x0000000094980000, 0x00000000d5f00000)
  object space 308736K, 55% used [0x0000000081c00000,0x000000008c442218,0x0000000094980000)
 Metaspace       used 19563K, capacity 19940K, committed 20352K, reserved 1067008K
  class space    used 2441K, capacity 2566K, committed 2688K, reserved 1048576K
Event: 20.509 GC heap after
Heap after GC invocations=21 (full 3):
 PSYoungGen      total 300032K, used 114290K [0x00000000d5f00000, 0x00000000f3300000, 0x0000000100000000)
  eden space 146432K, 0% used [0x00000000d5f00000,0x00000000d5f00000,0x00000000dee00000)
  from space 153600K, 74% used [0x00000000e8c00000,0x00000000efb9c980,0x00000000f2200000)
  to   space 161792K, 0% used [0x00000000dee00000,0x00000000dee00000,0x00000000e8c00000)
 ParOldGen       total 308736K, used 172296K [0x0000000081c00000, 0x0000000094980000, 0x00000000d5f00000)
  object space 308736K, 55% used [0x0000000081c00000,0x000000008c442218,0x0000000094980000)
 Metaspace       used 19563K, capacity 19940K, committed 20352K, reserved 1067008K
  class space    used 2441K, capacity 2566K, committed 2688K, reserved 1048576K
}
Event: 20.956 GC heap before
{Heap before GC invocations=22 (full 3):
 PSYoungGen      total 300032K, used 260722K [0x00000000d5f00000, 0x00000000f3300000, 0x0000000100000000)
  eden space 146432K, 100% used [0x00000000d5f00000,0x00000000dee00000,0x00000000dee00000)
  from space 153600K, 74% used [0x00000000e8c00000,0x00000000efb9c980,0x00000000f2200000)
  to   space 161792K, 0% used [0x00000000dee00000,0x00000000dee00000,0x00000000e8c00000)
 ParOldGen       total 308736K, used 172296K [0x0000000081c00000, 0x0000000094980000, 0x00000000d5f00000)
  object space 308736K, 55% used [0x0000000081c00000,0x000000008c442218,0x0000000094980000)
 Metaspace       used 19563K, capacity 19940K, committed 20352K, reserved 1067008K
  class space    used 2441K, capacity 2566K, committed 2688K, reserved 1048576K
Event: 21.056 GC heap after
Heap after GC invocations=22 (full 3):
 PSYoungGen      total 308224K, used 101760K [0x00000000d5f00000, 0x00000000f4580000, 0x0000000100000000)
  eden space 146432K, 0% used [0x00000000d5f00000,0x00000000d5f00000,0x00000000dee00000)
  from space 161792K, 62% used [0x00000000dee00000,0x00000000e5160040,0x00000000e8c00000)
  to   space 163328K, 0% used [0x00000000ea600000,0x00000000ea600000,0x00000000f4580000)
 ParOldGen       total 308736K, used 172296K [0x0000000081c00000, 0x0000000094980000, 0x00000000d5f00000)
  object space 308736K, 55% used [0x0000000081c00000,0x000000008c442218,0x0000000094980000)
 Metaspace       used 19563K, capacity 19940K, committed 20352K, reserved 1067008K
  class space    used 2441K, capacity 2566K, committed 2688K, reserved 1048576K
}
Event: 21.363 GC heap before
{Heap before GC invocations=23 (full 3):
 PSYoungGen      total 308224K, used 248192K [0x00000000d5f00000, 0x00000000f4580000, 0x0000000100000000)
  eden space 146432K, 100% used [0x00000000d5f00000,0x00000000dee00000,0x00000000dee00000)
  from space 161792K, 62% used [0x00000000dee00000,0x00000000e5160040,0x00000000e8c00000)
  to   space 163328K, 0% used [0x00000000ea600000,0x00000000ea600000,0x00000000f4580000)
 ParOldGen       total 308736K, used 172296K [0x0000000081c00000, 0x0000000094980000, 0x00000000d5f00000)
  object space 308736K, 55% used [0x0000000081c00000,0x000000008c442218,0x0000000094980000)
 Metaspace       used 19563K, capacity 19940K, committed 20352K, reserved 1067008K
  class space    used 2441K, capacity 2566K, committed 2688K, reserved 1048576K
Event: 21.595 GC heap after
Heap after GC invocations=23 (full 3):
 PSYoungGen      total 309760K, used 163321K [0x00000000d5f00000, 0x00000000f4580000, 0x0000000100000000)
  eden space 146432K, 0% used [0x00000000d5f00000,0x00000000d5f00000,0x00000000dee00000)
  from space 163328K, 99% used [0x00000000ea600000,0x00000000f457e560,0x00000000f4580000)
  to   space 161792K, 0% used [0x00000000dee00000,0x00000000dee00000,0x00000000e8c00000)
 ParOldGen       total 308736K, used 193736K [0x0000000081c00000, 0x0000000094980000, 0x00000000d5f00000)
  object space 308736K, 62% used [0x0000000081c00000,0x000000008d932218,0x0000000094980000)
 Metaspace       used 19563K, capacity 19940K, committed 20352K, reserved 1067008K
  class space    used 2441K, capacity 2566K, committed 2688K, reserved 1048576K
}

