# JRE version: Java(TM) SE Runtime Environment (8.0_151-b12) (build 1.8.0_151-b12)
# Java VM: Java HotSpot(TM) 64-Bit Server VM (25.151-b12 mixed mode windows-amd64 compressed oops)
Heap:
 PSYoungGen      total 165888K, used 72451K [0x00000000d5f00000, 0x00000000e3b80000, 0x0000000100000000)
  eden space 122368K, 59% used [0x00000000d5f00000,0x00000000da5c0c80,0x00000000dd680000)
  from space 43520K, 0% used [0x00000000e1100000,0x00000000e1100000,0x00000000e3b80000)
  to   space 51712K, 0% used [0x00000000dd680000,0x00000000dd680000,0x00000000e0900000)
 ParOldGen       total 275456K, used 150995K [0x0000000081c00000, 0x0000000092900000, 0x00000000d5f00000)
  object space 275456K, 54% used [0x0000000081c00000,0x000000008af74dd8,0x0000000092900000)
 Metaspace       used 19623K, capacity 20004K, committed 20352K, reserved 1067008K
  class space    used 2438K, capacity 2566K, committed 2688K, reserved 1048576K
GC Heap History (10 events):
Event: 16.467 GC heap before
{Heap before GC invocations=6 (full 1):
 PSYoungGen      total 71680K, used 5102K [0x00000000d5f00000, 0x00000000e4100000, 0x0000000100000000)
  eden space 66560K, 0% used [0x00000000d5f00000,0x00000000d5f00000,0x00000000da000000)
  from space 5120K, 99% used [0x00000000da000000,0x00000000da4fb978,0x00000000da500000)
  to   space 49152K, 0% used [0x00000000e1100000,0x00000000e1100000,0x00000000e4100000)
 ParOldGen       total 96256K, used 94344K [0x0000000081c00000, 0x0000000087a00000, 0x00000000d5f00000)
  object space 96256K, 98% used [0x0000000081c00000,0x0000000087822338,0x0000000087a00000)
 Metaspace       used 19600K, capacity 20004K, committed 20352K, reserved 1067008K
  class space    used 2437K, capacity 2566K, committed 2688K, reserved 1048576K
Event: 16.924 GC heap after
Heap after GC invocations=6 (full 1):
 PSYoungGen      total 71680K, used 0K [0x00000000d5f00000, 0x00000000e4100000, 0x0000000100000000)
  eden space 66560K, 0% used [0x00000000d5f00000,0x00000000d5f00000,0x00000000da000000)
  from space 5120K, 0% used [0x00000000da000000,0x00000000da000000,0x00000000da500000)
  to   space 49152K, 0% used [0x00000000e1100000,0x00000000e1100000,0x00000000e4100000)
 ParOldGen       total 178688K, used 96241K [0x0000000081c00000, 0x000000008ca80000, 0x00000000d5f00000)
  object space 178688K, 53% used [0x0000000081c00000,0x00000000879fc510,0x000000008ca80000)
 Metaspace       used 19600K, capacity 20004K, committed 20352K, reserved 1067008K
  class space    used 2437K, capacity 2566K, committed 2688K, reserved 1048576K
}
Event: 17.143 GC heap before
{Heap before GC invocations=7 (full 1):
 PSYoungGen      total 71680K, used 66560K [0x00000000d5f00000, 0x00000000e4100000, 0x0000000100000000)
  eden space 66560K, 100% used [0x00000000d5f00000,0x00000000da000000,0x00000000da000000)
  from space 5120K, 0% used [0x00000000da000000,0x00000000da000000,0x00000000da500000)
  to   space 49152K, 0% used [0x00000000e1100000,0x00000000e1100000,0x00000000e4100000)
 ParOldGen       total 178688K, used 96241K [0x0000000081c00000, 0x000000008ca80000, 0x00000000d5f00000)
  object space 178688K, 53% used [0x0000000081c00000,0x00000000879fc510,0x000000008ca80000)
 Metaspace       used 19613K, capacity 20004K, committed 20352K, reserved 1067008K
  class space    used 2437K, capacity 2566K, committed 2688K, reserved 1048576K
Event: 17.190 GC heap after
Heap after GC invocations=7 (full 1):
 PSYoungGen      total 165888K, used 35289K [0x00000000d5f00000, 0x00000000e3b80000, 0x0000000100000000)
  eden space 122368K, 0% used [0x00000000d5f00000,0x00000000d5f00000,0x00000000dd680000)
  from space 43520K, 81% used [0x00000000e1100000,0x00000000e3376520,0x00000000e3b80000)
  to   space 51712K, 0% used [0x00000000dd680000,0x00000000dd680000,0x00000000e0900000)
 ParOldGen       total 178688K, used 96249K [0x0000000081c00000, 0x000000008ca80000, 0x00000000d5f00000)
  object space 178688K, 53% used [0x0000000081c00000,0x00000000879fe510,0x000000008ca80000)
 Metaspace       used 19613K, capacity 20004K, committed 20352K, reserved 1067008K
  class space    used 2437K, capacity 2566K, committed 2688K, reserved 1048576K
}
Event: 18.507 GC heap before
{Heap before GC invocations=8 (full 1):
 PSYoungGen      total 165888K, used 157657K [0x00000000d5f00000, 0x00000000e3b80000, 0x0000000100000000)
  eden space 122368K, 100% used [0x00000000d5f00000,0x00000000dd680000,0x00000000dd680000)
  from space 43520K, 81% used [0x00000000e1100000,0x00000000e3376520,0x00000000e3b80000)
  to   space 51712K, 0% used [0x00000000dd680000,0x00000000dd680000,0x00000000e0900000)
 ParOldGen       total 178688K, used 96249K [0x0000000081c00000, 0x000000008ca80000, 0x00000000d5f00000)
  object space 178688K, 53% used [0x0000000081c00000,0x00000000879fe510,0x000000008ca80000)
 Metaspace       used 19620K, capacity 20004K, committed 20352K, reserved 1067008K
  class space    used 2438K, capacity 2566K, committed 2688K, reserved 1048576K
Event: 18.592 GC heap after
Heap after GC invocations=8 (full 1):
 PSYoungGen      total 174080K, used 51696K [0x00000000d5f00000, 0x00000000e3b80000, 0x0000000100000000)
  eden space 122368K, 0% used [0x00000000d5f00000,0x00000000d5f00000,0x00000000dd680000)
  from space 51712K, 99% used [0x00000000dd680000,0x00000000e08fc0d8,0x00000000e0900000)
  to   space 43520K, 0% used [0x00000000e1100000,0x00000000e1100000,0x00000000e3b80000)
 ParOldGen       total 178688K, used 124609K [0x0000000081c00000, 0x000000008ca80000, 0x00000000d5f00000)
  object space 178688K, 69% used [0x0000000081c00000,0x00000000895b0510,0x000000008ca80000)
 Metaspace       used 19620K, capacity 20004K, committed 20352K, reserved 1067008K
  class space    used 2438K, capacity 2566K, committed 2688K, reserved 1048576K
}
Event: 18.782 GC heap before
{Heap before GC invocations=9 (full 1):
 PSYoungGen      total 174080K, used 174064K [0x00000000d5f00000, 0x00000000e3b80000, 0x0000000100000000)
  eden space 122368K, 100% used [0x00000000d5f00000,0x00000000dd680000,0x00000000dd680000)
  from space 51712K, 99% used [0x00000000dd680000,0x00000000e08fc0d8,0x00000000e0900000)
  to   space 43520K, 0% used [0x00000000e1100000,0x00000000e1100000,0x00000000e3b80000)
 ParOldGen       total 178688K, used 124609K [0x0000000081c00000, 0x000000008ca80000, 0x00000000d5f00000)
  object space 178688K, 69% used [0x0000000081c00000,0x00000000895b0510,0x000000008ca80000)
 Metaspace       used 19623K, capacity 20004K, committed 20352K, reserved 1067008K
  class space    used 2438K, capacity 2566K, committed 2688K, reserved 1048576K
Event: 18.918 GC heap after
Heap after GC invocations=9 (full 1):
 PSYoungGen      total 165888K, used 43506K [0x00000000d5f00000, 0x00000000e3b80000, 0x0000000100000000)
  eden space 122368K, 0% used [0x00000000d5f00000,0x00000000d5f00000,0x00000000dd680000)
  from space 43520K, 99% used [0x00000000e1100000,0x00000000e3b7ca50,0x00000000e3b80000)
  to   space 51712K, 0% used [0x00000000dd680000,0x00000000dd680000,0x00000000e0900000)
 ParOldGen       total 201216K, used 200969K [0x0000000081c00000, 0x000000008e080000, 0x00000000d5f00000)
  object space 201216K, 99% used [0x0000000081c00000,0x000000008e042510,0x000000008e080000)
 Metaspace       used 19623K, capacity 20004K, committed 20352K, reserved 1067008K
  class space    used 2438K, capacity 2566K, committed 2688K, reserved 1048576K
}
Event: 18.918 GC heap before
{Heap before GC invocations=10 (full 2):
 PSYoungGen      total 165888K, used 43506K [0x00000000d5f00000, 0x00000000e3b80000, 0x0000000100000000)
  eden space 122368K, 0% used [0x00000000d5f00000,0x00000000d5f00000,0x00000000dd680000)
  from space 43520K, 99% used [0x00000000e1100000,0x00000000e3b7ca50,0x00000000e3b80000)
  to   space 51712K, 0% used [0x00000000dd680000,0x00000000dd680000,0x00000000e0900000)
 ParOldGen       total 201216K, used 200969K [0x0000000081c00000, 0x000000008e080000, 0x00000000d5f00000)
  object space 201216K, 99% used [0x0000000081c00000,0x000000008e042510,0x000000008e080000)
 Metaspace       used 19623K, capacity 20004K, committed 20352K, reserved 1067008K
  class space    used 2438K, capacity 2566K, committed 2688K, reserved 1048576K
Event: 19.664 GC heap after
Heap after GC invocations=10 (full 2):
 PSYoungGen      total 165888K, used 0K [0x00000000d5f00000, 0x00000000e3b80000, 0x0000000100000000)
  eden space 122368K, 0% used [0x00000000d5f00000,0x00000000d5f00000,0x00000000dd680000)
  from space 43520K, 0% used [0x00000000e1100000,0x00000000e1100000,0x00000000e3b80000)
  to   space 51712K, 0% used [0x00000000dd680000,0x00000000dd680000,0x00000000e0900000)
 ParOldGen       total 275456K, used 150995K [0x0000000081c00000, 0x0000000092900000, 0x00000000d5f00000)
  object space 275456K, 54% used [0x0000000081c00000,0x000000008af74dd8,0x0000000092900000)
 Metaspace       used 19623K, capacity 20004K, committed 20352K, reserved 1067008K
  class space    used 2438K, capacity 2566K, committed 2688K, reserved 1048576K
}

